This is pdfTeX, Version 3.141592653-2.6-1.40.22 (TeX Live 2021) (preloaded format=pdflatex 2021.10.12)  4 APR 2023 16:16
entering extended mode
 restricted \write18 enabled.
 file:line:error style messages enabled.
 %&-line parsing enabled.
**FreemanCV.cls
(./FreemanCV.cls
LaTeX2e <2020-10-01> patch level 4
L3 programming layer <2021-02-18>

LaTeX Warning: You have requested package `',
               but the package provides `FreemanCV'.

Package: FreemanCV 2021/09/03 Freeman CV Class v3.0
(/usr/local/texlive/2021/texmf-dist/tex/latex/base/article.cls
Document Class: article 2020/04/10 v1.4m Standard LaTeX document class
(/usr/local/texlive/2021/texmf-dist/tex/latex/base/size10.clo
File: size10.clo 2020/04/10 v1.4m Standard LaTeX file (size option)
)
\c@part=\count179
\c@section=\count180
\c@subsection=\count181
\c@subsubsection=\count182
\c@paragraph=\count183
\c@subparagraph=\count184
\c@figure=\count185
\c@table=\count186
\abovecaptionskip=\skip47
\belowcaptionskip=\skip48
\bibindent=\dimen138
)

./FreemanCV.cls:34: LaTeX Error: \usepackage before \documentclass.

See the LaTeX manual or LaTeX Companion for explanation.
Type  H <return>  for immediate help.
 ...                                              
                                                  
l.34 \usepackage{
                 etoolbox} % Required for conditional logic and changing com...

? 
./FreemanCV.cls:34: Emergency stop.
 ...                                              
                                                  
l.34 \usepackage{
                 etoolbox} % Required for conditional logic and changing com...

\usepackage may only appear in the document preamble, i.e.,
between \documentclass and \begin{document}.

 
Here is how much of TeX's memory you used:
 217 strings out of 478994
 2630 string characters out of 5858183
 285674 words of memory out of 5000000
 17794 multiletter control sequences out of 15000+600000
 403430 words of font info for 27 fonts, out of 8000000 for 9000
 1141 hyphenation exceptions out of 8191
 44i,0n,50p,138b,36s stack positions out of 5000i,500n,10000p,200000b,80000s
./FreemanCV.cls:34:  ==> Fatal error occurred, no output PDF file produced!
